<?xml version="1.0" encoding="UTF-8"?>
<testng-results skipped="0" failed="0" total="2" passed="2">
  <reporter-output>
  </reporter-output>
  <suite name="Suite" duration-ms="48" started-at="2016-07-13T19:15:51Z" finished-at="2016-07-13T19:15:51Z">
    <groups>
    </groups>
    <test name="Feature1" duration-ms="21" started-at="2016-07-13T19:15:51Z" finished-at="2016-07-13T19:15:51Z">
      <class name="testng.FirstTest">
        <test-method status="PASS" signature="beforeTest()[pri:0, instance:testng.FirstTest@cbfb61]" name="beforeTest" is-config="true" duration-ms="0" started-at="2016-07-14T00:45:51Z" finished-at="2016-07-14T00:45:51Z">
          <reporter-output>
          </reporter-output>
        </test-method> <!-- beforeTest -->
        <test-method status="PASS" signature="beforeClass()[pri:0, instance:testng.FirstTest@cbfb61]" name="beforeClass" is-config="true" duration-ms="1" started-at="2016-07-14T00:45:51Z" finished-at="2016-07-14T00:45:51Z">
          <reporter-output>
          </reporter-output>
        </test-method> <!-- beforeClass -->
        <test-method status="PASS" signature="beforeMethod()[pri:0, instance:testng.FirstTest@cbfb61]" name="beforeMethod" is-config="true" duration-ms="0" started-at="2016-07-14T00:45:51Z" finished-at="2016-07-14T00:45:51Z">
          <reporter-output>
          </reporter-output>
        </test-method> <!-- beforeMethod -->
        <test-method status="PASS" signature="a()[pri:0, instance:testng.FirstTest@cbfb61]" name="a" duration-ms="5" started-at="2016-07-14T00:45:51Z" finished-at="2016-07-14T00:45:51Z">
          <reporter-output>
          </reporter-output>
        </test-method> <!-- a -->
        <test-method status="PASS" signature="afterClass()[pri:0, instance:testng.FirstTest@cbfb61]" name="afterClass" is-config="true" duration-ms="0" started-at="2016-07-14T00:45:51Z" finished-at="2016-07-14T00:45:51Z">
          <reporter-output>
          </reporter-output>
        </test-method> <!-- afterClass -->
        <test-method status="PASS" signature="afterMethod()[pri:0, instance:testng.FirstTest@cbfb61]" name="afterMethod" is-config="true" duration-ms="0" started-at="2016-07-14T00:45:51Z" finished-at="2016-07-14T00:45:51Z">
          <reporter-output>
          </reporter-output>
        </test-method> <!-- afterMethod -->
        <test-method status="PASS" signature="afterTest()[pri:0, instance:testng.FirstTest@cbfb61]" name="afterTest" is-config="true" duration-ms="0" started-at="2016-07-14T00:45:51Z" finished-at="2016-07-14T00:45:51Z">
          <reporter-output>
          </reporter-output>
        </test-method> <!-- afterTest -->
      </class> <!-- testng.FirstTest -->
    </test> <!-- Feature1 -->
    <test name="Feature2" duration-ms="6" started-at="2016-07-13T19:15:51Z" finished-at="2016-07-13T19:15:51Z">
      <class name="testng.SecondTest">
        <test-method status="PASS" signature="beforeClass()[pri:0, instance:testng.SecondTest@1c68925]" name="beforeClass" is-config="true" duration-ms="1" started-at="2016-07-14T00:45:51Z" finished-at="2016-07-14T00:45:51Z">
          <reporter-output>
          </reporter-output>
        </test-method> <!-- beforeClass -->
        <test-method status="PASS" signature="beforeTest()[pri:0, instance:testng.SecondTest@1c68925]" name="beforeTest" is-config="true" duration-ms="0" started-at="2016-07-14T00:45:51Z" finished-at="2016-07-14T00:45:51Z">
          <reporter-output>
          </reporter-output>
        </test-method> <!-- beforeTest -->
        <test-method status="PASS" signature="beforeMethod()[pri:0, instance:testng.SecondTest@1c68925]" name="beforeMethod" is-config="true" duration-ms="0" started-at="2016-07-14T00:45:51Z" finished-at="2016-07-14T00:45:51Z">
          <reporter-output>
          </reporter-output>
        </test-method> <!-- beforeMethod -->
        <test-method status="PASS" signature="f()[pri:0, instance:testng.SecondTest@1c68925]" name="f" duration-ms="1" started-at="2016-07-14T00:45:51Z" finished-at="2016-07-14T00:45:51Z">
          <reporter-output>
          </reporter-output>
        </test-method> <!-- f -->
        <test-method status="PASS" signature="afterMethod()[pri:0, instance:testng.SecondTest@1c68925]" name="afterMethod" is-config="true" duration-ms="1" started-at="2016-07-14T00:45:51Z" finished-at="2016-07-14T00:45:51Z">
          <reporter-output>
          </reporter-output>
        </test-method> <!-- afterMethod -->
        <test-method status="PASS" signature="afterClass()[pri:0, instance:testng.SecondTest@1c68925]" name="afterClass" is-config="true" duration-ms="0" started-at="2016-07-14T00:45:51Z" finished-at="2016-07-14T00:45:51Z">
          <reporter-output>
          </reporter-output>
        </test-method> <!-- afterClass -->
        <test-method status="PASS" signature="afterTest()[pri:0, instance:testng.SecondTest@1c68925]" name="afterTest" is-config="true" duration-ms="1" started-at="2016-07-14T00:45:51Z" finished-at="2016-07-14T00:45:51Z">
          <reporter-output>
          </reporter-output>
        </test-method> <!-- afterTest -->
      </class> <!-- testng.SecondTest -->
      <class name="testng.FirstTest">
        <test-method status="PASS" signature="beforeSuite()[pri:0, instance:testng.FirstTest@cbfb61]" name="beforeSuite" is-config="true" duration-ms="14" started-at="2016-07-14T00:45:51Z" finished-at="2016-07-14T00:45:51Z">
          <reporter-output>
          </reporter-output>
        </test-method> <!-- beforeSuite -->
        <test-method status="PASS" signature="beforeSuite()[pri:0, instance:testng.SecondTest@1c68925]" name="beforeSuite" is-config="true" duration-ms="1" started-at="2016-07-14T00:45:51Z" finished-at="2016-07-14T00:45:51Z">
          <reporter-output>
          </reporter-output>
        </test-method> <!-- beforeSuite -->
        <test-method status="PASS" signature="afterSuite()[pri:0, instance:testng.SecondTest@1c68925]" name="afterSuite" is-config="true" duration-ms="1" started-at="2016-07-14T00:45:51Z" finished-at="2016-07-14T00:45:51Z">
          <reporter-output>
          </reporter-output>
        </test-method> <!-- afterSuite -->
        <test-method status="PASS" signature="afterSuite()[pri:0, instance:testng.FirstTest@cbfb61]" name="afterSuite" is-config="true" duration-ms="0" started-at="2016-07-14T00:45:51Z" finished-at="2016-07-14T00:45:51Z">
          <reporter-output>
          </reporter-output>
        </test-method> <!-- afterSuite -->
      </class> <!-- testng.FirstTest -->
    </test> <!-- Feature2 -->
  </suite> <!-- Suite -->
</testng-results>
